<?xml version="1.0" encoding="UTF-8"?>
<!-- Generated by org.testng.reporters.JUnitXMLReporter -->
<testsuite ignored="6" hostname="MTY-PFATE596QT5" failures="0" tests="1" name="Default test" time="65.691" errors="0" timestamp="2021-07-03T10:51:44 CDT">
  <testcase classname="myTests.PageFactoryTest" name="TC04_Add_Cart_Continue_HP_V02" time="56.503"/>
  <testcase classname="myTests.PageFactoryTest" name="TC01_Subscribe_Newsletter_HP_V01" time="0.0">
    <ignored/>
  </testcase> <!-- TC01_Subscribe_Newsletter_HP_V01 -->
  <testcase classname="myTests.PageFactoryTest" name="TC01_SignIn_HP_V02" time="0.0">
    <ignored/>
  </testcase> <!-- TC01_SignIn_HP_V02 -->
  <testcase classname="myTests.PageFactoryTest" name="TC01_UserRegister_HP_V02" time="0.0">
    <ignored/>
  </testcase> <!-- TC01_UserRegister_HP_V02 -->
  <testcase classname="myTests.PageFactoryTest" name="TC02_Add_Cart_Delete_HP_V02" time="0.0">
    <ignored/>
  </testcase> <!-- TC02_Add_Cart_Delete_HP_V02 -->
  <testcase classname="myTests.PageFactoryTest" name="TC01_Follow_Facebook_HP_V01" time="0.0">
    <ignored/>
  </testcase> <!-- TC01_Follow_Facebook_HP_V01 -->
  <testcase classname="myTests.PageFactoryTest" name="TC01_SearchExistenItem_HP_V02" time="0.0">
    <ignored/>
  </testcase> <!-- TC01_SearchExistenItem_HP_V02 -->
</testsuite> <!-- Default test -->
