<?xml version="1.0" encoding="UTF-8"?>
<testng-results skipped="0" failed="0" ignored="0" total="2" passed="2">
  <reporter-output>
  </reporter-output>
  <suite name="Default suite" duration-ms="37975" started-at="2021-07-01T17:03:09 CDT" finished-at="2021-07-01T17:03:47 CDT">
    <groups>
    </groups>
    <test name="Default test" duration-ms="37975" started-at="2021-07-01T17:03:09 CDT" finished-at="2021-07-01T17:03:47 CDT">
      <class name="myTests.PageFactoryTest">
        <test-method status="PASS" signature="setBaseURL()[pri:0, instance:myTests.PageFactoryTest@7a9273a8]" name="setBaseURL" is-config="true" duration-ms="13926" started-at="2021-07-01T17:03:09 CDT" finished-at="2021-07-01T17:03:23 CDT">
          <reporter-output>
          </reporter-output>
        </test-method> <!-- setBaseURL -->
        <test-method status="PASS" signature="fillFirsAndLastName()[pri:0, instance:myTests.PageFactoryTest@7a9273a8]" name="fillFirsAndLastName" duration-ms="17036" started-at="2021-07-01T17:03:23 CDT" finished-at="2021-07-01T17:03:40 CDT">
          <reporter-output>
          </reporter-output>
        </test-method> <!-- fillFirsAndLastName -->
        <test-method status="PASS" signature="searchDresses()[pri:0, instance:myTests.PageFactoryTest@7a9273a8]" name="searchDresses" duration-ms="5525" started-at="2021-07-01T17:03:40 CDT" finished-at="2021-07-01T17:03:45 CDT">
          <reporter-output>
          </reporter-output>
        </test-method> <!-- searchDresses -->
        <test-method status="PASS" signature="endSession()[pri:0, instance:myTests.PageFactoryTest@7a9273a8]" name="endSession" is-config="true" duration-ms="1436" started-at="2021-07-01T17:03:45 CDT" finished-at="2021-07-01T17:03:47 CDT">
          <reporter-output>
          </reporter-output>
        </test-method> <!-- endSession -->
      </class> <!-- myTests.PageFactoryTest -->
    </test> <!-- Default test -->
  </suite> <!-- Default suite -->
</testng-results>
