<?xml version="1.0" encoding="UTF-8"?>
<testng-results ignored="6" total="7" passed="1" failed="0" skipped="0">
  <reporter-output>
  </reporter-output>
  <suite started-at="2021-07-03T10:50:38 CDT" name="Default suite" finished-at="2021-07-03T10:51:44 CDT" duration-ms="65691">
    <groups>
    </groups>
    <test started-at="2021-07-03T10:50:38 CDT" name="Default test" finished-at="2021-07-03T10:51:44 CDT" duration-ms="65691">
      <class name="myTests.PageFactoryTest">
        <test-method is-config="true" signature="setBaseURL()[pri:0, instance:myTests.PageFactoryTest@15aab8c6]" started-at="2021-07-03T10:50:38 CDT" name="setBaseURL" finished-at="2021-07-03T10:50:47 CDT" duration-ms="8439" status="PASS">
          <reporter-output>
          </reporter-output>
        </test-method> <!-- setBaseURL -->
        <test-method signature="TC04_Add_Cart_Continue_HP_V02()[pri:0, instance:myTests.PageFactoryTest@15aab8c6]" started-at="2021-07-03T10:50:47 CDT" name="TC04_Add_Cart_Continue_HP_V02" finished-at="2021-07-03T10:51:43 CDT" duration-ms="56503" status="PASS">
          <reporter-output>
          </reporter-output>
        </test-method> <!-- TC04_Add_Cart_Continue_HP_V02 -->
        <test-method is-config="true" signature="endSession()[pri:0, instance:myTests.PageFactoryTest@15aab8c6]" started-at="2021-07-03T10:51:43 CDT" name="endSession" finished-at="2021-07-03T10:51:44 CDT" duration-ms="689" status="PASS">
          <reporter-output>
          </reporter-output>
        </test-method> <!-- endSession -->
      </class> <!-- myTests.PageFactoryTest -->
    </test> <!-- Default test -->
  </suite> <!-- Default suite -->
</testng-results>
